TN:
SF:src/ejercicio-01/ejercicio1.ts
FN:5,(anonymous_0)
FN:28,(anonymous_1)
FN:37,(anonymous_2)
FN:49,(anonymous_3)
FN:50,(anonymous_4)
FN:58,(anonymous_5)
FN:59,(anonymous_6)
FN:68,(anonymous_7)
FN:74,(anonymous_8)
FN:81,(anonymous_9)
FNF:10
FNH:10
FNDA:1,(anonymous_0)
FNDA:1,(anonymous_1)
FNDA:1,(anonymous_2)
FNDA:1,(anonymous_3)
FNDA:3,(anonymous_4)
FNDA:1,(anonymous_5)
FNDA:3,(anonymous_6)
FNDA:1,(anonymous_7)
FNDA:3,(anonymous_8)
FNDA:1,(anonymous_9)
DA:5,1
DA:6,1
DA:7,1
DA:8,1
DA:19,1
DA:29,1
DA:38,1
DA:39,1
DA:41,1
DA:50,3
DA:59,3
DA:69,1
DA:70,0
DA:71,0
DA:72,0
DA:74,3
DA:82,1
LF:17
LH:14
BRDA:5,0,0,1
BRDA:5,0,1,1
BRDA:38,1,0,1
BRDA:38,1,1,0
BRDA:69,2,0,0
BRDA:69,2,1,1
BRDA:74,3,0,3
BRDA:74,3,1,3
BRF:8
BRH:6
end_of_record
